platforms/android/app/build/outputs/logs/manifest-merger-debug-report.txt
-- Merging decision tree log ---
manifest
ADDED from src\main\AndroidManifest.xml:2:1-29:12
INJECTED from src\main\AndroidManifest.xml:2:1-29:12
INJECTED from src\main\AndroidManifest.xml:2:1-29:12
INJECTED from src\main\AndroidManifest.xml:2:1-29:12
MERGED from [com.journeyapps:zxing-android-embedded:3.3.0] AndroidManifest.xml:17:1-55:12
MERGED from [com.android.support:appcompat-v7:23.1.0] AndroidManifest.xml:17:1-24:12
MERGED from [com.android.support:customtabs:23.3.0] AndroidManifest.xml:17:1-24:12
MERGED from [com.google.firebase:firebase-core:16.0.1] AndroidManifest.xml:2:1-9:12
MERGED from [:CordovaLib] AndroidManifest.xml:20:1-27:12
MERGED from [com.google.firebase:firebase-measurement-connector-impl:16.0.1] AndroidManifest.xml:17:1-34:12
MERGED from [com.google.firebase:firebase-analytics:16.0.1] AndroidManifest.xml:17:1-55:12
MERGED from [com.google.firebase:firebase-analytics-impl:16.1.1] AndroidManifest.xml:17:1-40:12
MERGED from [com.google.firebase:firebase-iid:16.0.0] AndroidManifest.xml:17:1-65:12
MERGED from [com.google.android.gms:play-services-stats:15.0.1] AndroidManifest.xml:2:1-9:12
MERGED from [com.google.firebase:firebase-common:16.0.0] AndroidManifest.xml:2:1-16:12
MERGED from [com.google.firebase:firebase-measurement-connector:16.0.0] AndroidManifest.xml:17:1-25:12
MERGED from [com.google.android.gms:play-services-ads-identifier:15.0.1] AndroidManifest.xml:17:1-24:12
MERGED from [com.google.firebase:firebase-iid-interop:16.0.0] AndroidManifest.xml:2:1-10:12
MERGED from [com.google.android.gms:play-services-base:15.0.1] AndroidManifest.xml:17:1-29:12
MERGED from [com.google.android.gms:play-services-tasks:15.0.1] AndroidManifest.xml:2:1-9:12
MERGED from [com.google.android.gms:play-services-basement:15.0.1] AndroidManifest.xml:17:1-28:12
MERGED from [com.android.support:support-v4:26.1.0] AndroidManifest.xml:17:1-31:12
MERGED from [com.android.support:support-media-compat:26.1.0] AndroidManifest.xml:17:1-31:12
MERGED from [com.android.support:support-fragment:26.1.0] AndroidManifest.xml:17:1-31:12
MERGED from [com.android.support:support-core-utils:26.1.0] AndroidManifest.xml:17:1-31:12
MERGED from [com.android.support:support-core-ui:26.1.0] AndroidManifest.xml:17:1-31:12
MERGED from [com.android.support:support-compat:26.1.0] AndroidManifest.xml:17:1-31:12
MERGED from [com.google.android.gms:play-services-measurement-base:16.0.0] AndroidManifest.xml:17:1-24:12
MERGED from [android.arch.lifecycle:runtime:1.0.0] AndroidManifest.xml:17:1-30:12
INJECTED from src\main\AndroidManifest.xml:2:1-29:12
INJECTED from src\main\AndroidManifest.xml:2:1-29:12
INJECTED from src\main\AndroidManifest.xml:2:1-29:12
	package
		ADDED from src\main\AndroidManifest.xml:2:102-135
		INJECTED from src\main\AndroidManifest.xml
		INJECTED from src\main\AndroidManifest.xml
	android:versionName
		ADDED from src\main\AndroidManifest.xml:2:74-101
		INJECTED from src\main\AndroidManifest.xml
		INJECTED from src\main\AndroidManifest.xml
	android:hardwareAccelerated
		ADDED from src\main\AndroidManifest.xml:2:11-45
	xmlns:android
		ADDED from src\main\AndroidManifest.xml:2:136-194
	android:versionCode
		ADDED from src\main\AndroidManifest.xml:2:46-73
		INJECTED from src\main\AndroidManifest.xml
		INJECTED from src\main\AndroidManifest.xml
supports-screens
ADDED from src\main\AndroidManifest.xml:3:3-188
	android:largeScreens
		ADDED from src\main\AndroidManifest.xml:3:47-74
	android:smallScreens
		ADDED from src\main\AndroidManifest.xml:3:130-157
	android:normalScreens
		ADDED from src\main\AndroidManifest.xml:3:75-103
	android:xlargeScreens
		ADDED from src\main\AndroidManifest.xml:3:158-186
	android:resizeable
		ADDED from src\main\AndroidManifest.xml:3:104-129
	android:anyDensity
		ADDED from src\main\AndroidManifest.xml:3:21-46
uses-permission#android.permission.INTERNET
ADDED from src\main\AndroidManifest.xml:4:3-64
MERGED from [com.google.firebase:firebase-measurement-connector-impl:16.0.1] AndroidManifest.xml:22:5-67
MERGED from [com.google.firebase:firebase-measurement-connector-impl:16.0.1] AndroidManifest.xml:22:5-67
MERGED from [com.google.firebase:firebase-analytics:16.0.1] AndroidManifest.xml:23:5-67
MERGED from [com.google.firebase:firebase-analytics:16.0.1] AndroidManifest.xml:23:5-67
MERGED from [com.google.firebase:firebase-analytics-impl:16.1.1] AndroidManifest.xml:23:5-67
MERGED from [com.google.firebase:firebase-analytics-impl:16.1.1] AndroidManifest.xml:23:5-67
MERGED from [com.google.firebase:firebase-iid:16.0.0] AndroidManifest.xml:23:5-67
MERGED from [com.google.firebase:firebase-iid:16.0.0] AndroidManifest.xml:23:5-67
	android:name
		ADDED from src\main\AndroidManifest.xml:4:20-62
uses-permission#android.permission.CAMERA
ADDED from src\main\AndroidManifest.xml:5:3-87
MERGED from [com.journeyapps:zxing-android-embedded:3.3.0] AndroidManifest.xml:21:5-65
MERGED from [com.journeyapps:zxing-android-embedded:3.3.0] AndroidManifest.xml:21:5-65
	android:required
		ADDED from src\main\AndroidManifest.xml:5:61-85
	android:name
		ADDED from src\main\AndroidManifest.xml:5:20-60
application
ADDED from src\main\AndroidManifest.xml:6:3-25:17
MERGED from [com.journeyapps:zxing-android-embedded:3.3.0] AndroidManifest.xml:45:5-53:19
MERGED from [com.journeyapps:zxing-android-embedded:3.3.0] AndroidManifest.xml:45:5-53:19
MERGED from [com.android.support:appcompat-v7:23.1.0] AndroidManifest.xml:22:5-20
MERGED from [com.android.support:appcompat-v7:23.1.0] AndroidManifest.xml:22:5-20
MERGED from [com.android.support:customtabs:23.3.0] AndroidManifest.xml:22:5-20
MERGED from [com.android.support:customtabs:23.3.0] AndroidManifest.xml:22:5-20
MERGED from [com.google.firebase:firebase-core:16.0.1] AndroidManifest.xml:7:5-20
MERGED from [com.google.firebase:firebase-core:16.0.1] AndroidManifest.xml:7:5-20
MERGED from [com.google.firebase:firebase-measurement-connector-impl:16.0.1] AndroidManifest.xml:26:5-32:19
MERGED from [com.google.firebase:firebase-measurement-connector-impl:16.0.1] AndroidManifest.xml:26:5-32:19
MERGED from [com.google.firebase:firebase-analytics:16.0.1] AndroidManifest.xml:28:5-53:19
MERGED from [com.google.firebase:firebase-analytics:16.0.1] AndroidManifest.xml:28:5-53:19
MERGED from [com.google.firebase:firebase-analytics-impl:16.1.1] AndroidManifest.xml:28:5-38:19
MERGED from [com.google.firebase:firebase-analytics-impl:16.1.1] AndroidManifest.xml:28:5-38:19
MERGED from [com.google.firebase:firebase-iid:16.0.0] AndroidManifest.xml:34:5-63:19
MERGED from [com.google.firebase:firebase-iid:16.0.0] AndroidManifest.xml:34:5-63:19
MERGED from [com.google.android.gms:play-services-stats:15.0.1] AndroidManifest.xml:7:5-20
MERGED from [com.google.android.gms:play-services-stats:15.0.1] AndroidManifest.xml:7:5-20
MERGED from [com.google.firebase:firebase-common:16.0.0] AndroidManifest.xml:8:5-14:19
MERGED from [com.google.firebase:firebase-common:16.0.0] AndroidManifest.xml:8:5-14:19
MERGED from [com.google.firebase:firebase-measurement-connector:16.0.0] AndroidManifest.xml:22:5-23:19
MERGED from [com.google.firebase:firebase-measurement-connector:16.0.0] AndroidManifest.xml:22:5-23:19
MERGED from [com.google.android.gms:play-services-ads-identifier:15.0.1] AndroidManifest.xml:22:5-20
MERGED from [com.google.android.gms:play-services-ads-identifier:15.0.1] AndroidManifest.xml:22:5-20
MERGED from [com.google.firebase:firebase-iid-interop:16.0.0] AndroidManifest.xml:7:5-8:19
MERGED from [com.google.firebase:firebase-iid-interop:16.0.0] AndroidManifest.xml:7:5-8:19
MERGED from [com.google.android.gms:play-services-base:15.0.1] AndroidManifest.xml:22:5-27:19
MERGED from [com.google.android.gms:play-services-base:15.0.1] AndroidManifest.xml:22:5-27:19
MERGED from [com.google.android.gms:play-services-tasks:15.0.1] AndroidManifest.xml:7:5-20
MERGED from [com.google.android.gms:play-services-tasks:15.0.1] AndroidManifest.xml:7:5-20
MERGED from [com.google.android.gms:play-services-basement:15.0.1] AndroidManifest.xml:22:5-26:19
MERGED from [com.google.android.gms:play-services-basement:15.0.1] AndroidManifest.xml:22:5-26:19
MERGED from [com.android.support:support-v4:26.1.0] AndroidManifest.xml:25:5-29:19
MERGED from [com.android.support:support-v4:26.1.0] AndroidManifest.xml:25:5-29:19
MERGED from [com.android.support:support-media-compat:26.1.0] AndroidManifest.xml:25:5-29:19
MERGED from [com.android.support:support-media-compat:26.1.0] AndroidManifest.xml:25:5-29:19
MERGED from [com.android.support:support-fragment:26.1.0] AndroidManifest.xml:25:5-29:19
MERGED from [com.android.support:support-fragment:26.1.0] AndroidManifest.xml:25:5-29:19
MERGED from [com.android.support:support-core-utils:26.1.0] AndroidManifest.xml:25:5-29:19
MERGED from [com.android.support:support-core-utils:26.1.0] AndroidManifest.xml:25:5-29:19
MERGED from [com.android.support:support-core-ui:26.1.0] AndroidManifest.xml:25:5-29:19
MERGED from [com.android.support:support-core-ui:26.1.0] AndroidManifest.xml:25:5-29:19
MERGED from [com.android.support:support-compat:26.1.0] AndroidManifest.xml:25:5-29:19
MERGED from [com.android.support:support-compat:26.1.0] AndroidManifest.xml:25:5-29:19
MERGED from [com.google.android.gms:play-services-measurement-base:16.0.0] AndroidManifest.xml:22:5-20
MERGED from [com.google.android.gms:play-services-measurement-base:16.0.0] AndroidManifest.xml:22:5-20
MERGED from [android.arch.lifecycle:runtime:1.0.0] AndroidManifest.xml:24:5-28:19
MERGED from [android.arch.lifecycle:runtime:1.0.0] AndroidManifest.xml:24:5-28:19
	android:supportsRtl
		ADDED from src\main\AndroidManifest.xml:6:112-138
	android:label
		ADDED from src\main\AndroidManifest.xml:6:79-111
	android:hardwareAccelerated
		ADDED from src\main\AndroidManifest.xml:6:16-50
	android:icon
		ADDED from src\main\AndroidManifest.xml:6:51-78
activity#io.cordova.hellocordova.MainActivity
ADDED from src\main\AndroidManifest.xml:7:5-24:16
	android:label
		ADDED from src\main\AndroidManifest.xml:7:93-130
	android:launchMode
		ADDED from src\main\AndroidManifest.xml:7:131-162
	android:windowSoftInputMode
		ADDED from src\main\AndroidManifest.xml:7:254-296
	android:configChanges
		ADDED from src\main\AndroidManifest.xml:7:15-92
	android:theme
		ADDED from src\main\AndroidManifest.xml:7:191-253
	android:name
		ADDED from src\main\AndroidManifest.xml:7:163-190
intent-filter#android.intent.action.MAIN+android.intent.category.LAUNCHER
ADDED from src\main\AndroidManifest.xml:8:7-11:23
	android:label
		ADDED from src\main\AndroidManifest.xml:8:22-59
action#android.intent.action.MAIN
ADDED from src\main\AndroidManifest.xml:9:9-60
	android:name
		ADDED from src\main\AndroidManifest.xml:9:17-58
category#android.intent.category.LAUNCHER
ADDED from src\main\AndroidManifest.xml:10:9-68
	android:name
		ADDED from src\main\AndroidManifest.xml:10:19-66
intent-filter#android.intent.action.VIEW+android.intent.category.BROWSABLE+android.intent.category.DEFAULT
ADDED from src\main\AndroidManifest.xml:12:7-17:23
	android:autoVerify
		ADDED from src\main\AndroidManifest.xml:12:22-47
action#android.intent.action.VIEW
ADDED from src\main\AndroidManifest.xml:13:9-60
	android:name
		ADDED from src\main\AndroidManifest.xml:13:17-58
category#android.intent.category.DEFAULT
ADDED from src\main\AndroidManifest.xml:14:9-67
	android:name
		ADDED from src\main\AndroidManifest.xml:14:19-65
category#android.intent.category.BROWSABLE
ADDED from src\main\AndroidManifest.xml:15:9-69
	android:name
		ADDED from src\main\AndroidManifest.xml:15:19-67
data
ADDED from src\main\AndroidManifest.xml:16:9-76
	android:path
		ADDED from src\main\AndroidManifest.xml:22:82-114
	android:host
		ADDED from src\main\AndroidManifest.xml:16:15-51
	android:scheme
		ADDED from src\main\AndroidManifest.xml:16:52-74
uses-sdk
ADDED from src\main\AndroidManifest.xml:26:3-71
INJECTED from src\main\AndroidManifest.xml:26:3-71
MERGED from [com.journeyapps:zxing-android-embedded:3.3.0] AndroidManifest.xml:19:5-43
MERGED from [com.journeyapps:zxing-android-embedded:3.3.0] AndroidManifest.xml:19:5-43
MERGED from [com.android.support:appcompat-v7:23.1.0] AndroidManifest.xml:20:5-43
MERGED from [com.android.support:appcompat-v7:23.1.0] AndroidManifest.xml:20:5-43
MERGED from [com.android.support:customtabs:23.3.0] AndroidManifest.xml:20:5-44
MERGED from [com.android.support:customtabs:23.3.0] AndroidManifest.xml:20:5-44
MERGED from [com.google.firebase:firebase-core:16.0.1] AndroidManifest.xml:5:5-44
MERGED from [com.google.firebase:firebase-core:16.0.1] AndroidManifest.xml:5:5-44
MERGED from [:CordovaLib] AndroidManifest.xml:25:5-44
MERGED from [:CordovaLib] AndroidManifest.xml:25:5-44
MERGED from [com.google.firebase:firebase-measurement-connector-impl:16.0.1] AndroidManifest.xml:20:5-44
MERGED from [com.google.firebase:firebase-measurement-connector-impl:16.0.1] AndroidManifest.xml:20:5-44
MERGED from [com.google.firebase:firebase-analytics:16.0.1] AndroidManifest.xml:20:5-44
MERGED from [com.google.firebase:firebase-analytics:16.0.1] AndroidManifest.xml:20:5-44
MERGED from [com.google.firebase:firebase-analytics-impl:16.1.1] AndroidManifest.xml:20:5-44
MERGED from [com.google.firebase:firebase-analytics-impl:16.1.1] AndroidManifest.xml:20:5-44
MERGED from [com.google.firebase:firebase-iid:16.0.0] AndroidManifest.xml:20:5-44
MERGED from [com.google.firebase:firebase-iid:16.0.0] AndroidManifest.xml:20:5-44
MERGED from [com.google.android.gms:play-services-stats:15.0.1] AndroidManifest.xml:5:5-44
MERGED from [com.google.android.gms:play-services-stats:15.0.1] AndroidManifest.xml:5:5-44
MERGED from [com.google.firebase:firebase-common:16.0.0] AndroidManifest.xml:5:5-6:37
MERGED from [com.google.firebase:firebase-common:16.0.0] AndroidManifest.xml:5:5-6:37
MERGED from [com.google.firebase:firebase-measurement-connector:16.0.0] AndroidManifest.xml:20:5-44
MERGED from [com.google.firebase:firebase-measurement-connector:16.0.0] AndroidManifest.xml:20:5-44
MERGED from [com.google.android.gms:play-services-ads-identifier:15.0.1] AndroidManifest.xml:20:5-44
MERGED from [com.google.android.gms:play-services-ads-identifier:15.0.1] AndroidManifest.xml:20:5-44
MERGED from [com.google.firebase:firebase-iid-interop:16.0.0] AndroidManifest.xml:5:5-44
MERGED from [com.google.firebase:firebase-iid-interop:16.0.0] AndroidManifest.xml:5:5-44
MERGED from [com.google.android.gms:play-services-base:15.0.1] AndroidManifest.xml:20:5-44
MERGED from [com.google.android.gms:play-services-base:15.0.1] AndroidManifest.xml:20:5-44
MERGED from [com.google.android.gms:play-services-tasks:15.0.1] AndroidManifest.xml:5:5-44
MERGED from [com.google.android.gms:play-services-tasks:15.0.1] AndroidManifest.xml:5:5-44
MERGED from [com.google.android.gms:play-services-basement:15.0.1] AndroidManifest.xml:20:5-44
MERGED from [com.google.android.gms:play-services-basement:15.0.1] AndroidManifest.xml:20:5-44
MERGED from [com.android.support:support-v4:26.1.0] AndroidManifest.xml:21:5-23:54
MERGED from [com.android.support:support-v4:26.1.0] AndroidManifest.xml:21:5-23:54
MERGED from [com.android.support:support-media-compat:26.1.0] AndroidManifest.xml:21:5-23:63
MERGED from [com.android.support:support-media-compat:26.1.0] AndroidManifest.xml:21:5-23:63
MERGED from [com.android.support:support-fragment:26.1.0] AndroidManifest.xml:21:5-23:60
MERGED from [com.android.support:support-fragment:26.1.0] AndroidManifest.xml:21:5-23:60
MERGED from [com.android.support:support-core-utils:26.1.0] AndroidManifest.xml:21:5-23:61
MERGED from [com.android.support:support-core-utils:26.1.0] AndroidManifest.xml:21:5-23:61
MERGED from [com.android.support:support-core-ui:26.1.0] AndroidManifest.xml:21:5-23:58
MERGED from [com.android.support:support-core-ui:26.1.0] AndroidManifest.xml:21:5-23:58
MERGED from [com.android.support:support-compat:26.1.0] AndroidManifest.xml:21:5-23:58
MERGED from [com.android.support:support-compat:26.1.0] AndroidManifest.xml:21:5-23:58
MERGED from [com.google.android.gms:play-services-measurement-base:16.0.0] AndroidManifest.xml:20:5-44
MERGED from [com.google.android.gms:play-services-measurement-base:16.0.0] AndroidManifest.xml:20:5-44
MERGED from [android.arch.lifecycle:runtime:1.0.0] AndroidManifest.xml:20:5-22:41
MERGED from [android.arch.lifecycle:runtime:1.0.0] AndroidManifest.xml:20:5-22:41
INJECTED from src\main\AndroidManifest.xml:26:3-71
	tools:overrideLibrary
		ADDED from [com.android.support:support-v4:26.1.0] AndroidManifest.xml:23:9-51
	android:targetSdkVersion
		ADDED from src\main\AndroidManifest.xml:26:40-69
	android:minSdkVersion
		ADDED from src\main\AndroidManifest.xml:26:13-39
		INJECTED from src\main\AndroidManifest.xml
		INJECTED from src\main\AndroidManifest.xml
uses-feature#android.hardware.camera
ADDED from src\main\AndroidManifest.xml:27:3-82
MERGED from [com.journeyapps:zxing-android-embedded:3.3.0] AndroidManifest.xml:24:5-26:36
MERGED from [com.journeyapps:zxing-android-embedded:3.3.0] AndroidManifest.xml:24:5-26:36
	android:required
		ADDED from src\main\AndroidManifest.xml:27:56-80
	android:name
		ADDED from src\main\AndroidManifest.xml:27:17-55
uses-feature#android.hardware.camera.front
ADDED from src\main\AndroidManifest.xml:28:3-88
MERGED from [com.journeyapps:zxing-android-embedded:3.3.0] AndroidManifest.xml:27:5-29:36
MERGED from [com.journeyapps:zxing-android-embedded:3.3.0] AndroidManifest.xml:27:5-29:36
	android:required
		ADDED from src\main\AndroidManifest.xml:28:62-86
	android:name
		ADDED from src\main\AndroidManifest.xml:28:17-61
uses-feature#android.hardware.camera.autofocus
ADDED from [com.journeyapps:zxing-android-embedded:3.3.0] AndroidManifest.xml:32:5-34:36
	android:required
		ADDED from [com.journeyapps:zxing-android-embedded:3.3.0] AndroidManifest.xml:34:9-33
	android:name
		ADDED from [com.journeyapps:zxing-android-embedded:3.3.0] AndroidManifest.xml:33:9-57
uses-feature#android.hardware.camera.flash
ADDED from [com.journeyapps:zxing-android-embedded:3.3.0] AndroidManifest.xml:35:5-37:36
	android:required
		ADDED from [com.journeyapps:zxing-android-embedded:3.3.0] AndroidManifest.xml:37:9-33
	android:name
		ADDED from [com.journeyapps:zxing-android-embedded:3.3.0] AndroidManifest.xml:36:9-53
uses-feature#android.hardware.screen.landscape
ADDED from [com.journeyapps:zxing-android-embedded:3.3.0] AndroidManifest.xml:38:5-40:36
	android:required
		ADDED from [com.journeyapps:zxing-android-embedded:3.3.0] AndroidManifest.xml:40:9-33
	android:name
		ADDED from [com.journeyapps:zxing-android-embedded:3.3.0] AndroidManifest.xml:39:9-57
uses-feature#android.hardware.wifi
ADDED from [com.journeyapps:zxing-android-embedded:3.3.0] AndroidManifest.xml:41:5-43:36
	android:required
		ADDED from [com.journeyapps:zxing-android-embedded:3.3.0] AndroidManifest.xml:43:9-33
	android:name
		ADDED from [com.journeyapps:zxing-android-embedded:3.3.0] AndroidManifest.xml:42:9-45
activity#com.journeyapps.barcodescanner.CaptureActivity
ADDED from [com.journeyapps:zxing-android-embedded:3.3.0] AndroidManifest.xml:46:9-52:63
	android:screenOrientation
		ADDED from [com.journeyapps:zxing-android-embedded:3.3.0] AndroidManifest.xml:49:13-56
	android:clearTaskOnLaunch
		ADDED from [com.journeyapps:zxing-android-embedded:3.3.0] AndroidManifest.xml:48:13-45
	android:stateNotNeeded
		ADDED from [com.journeyapps:zxing-android-embedded:3.3.0] AndroidManifest.xml:50:13-42
	android:windowSoftInputMode
		ADDED from [com.journeyapps:zxing-android-embedded:3.3.0] AndroidManifest.xml:52:13-60
	android:theme
		ADDED from [com.journeyapps:zxing-android-embedded:3.3.0] AndroidManifest.xml:51:13-54
	android:name
		ADDED from [com.journeyapps:zxing-android-embedded:3.3.0] AndroidManifest.xml:47:13-74
uses-permission#android.permission.ACCESS_NETWORK_STATE
ADDED from [com.google.firebase:firebase-measurement-connector-impl:16.0.1] AndroidManifest.xml:23:5-79
MERGED from [com.google.firebase:firebase-analytics:16.0.1] AndroidManifest.xml:24:5-79
MERGED from [com.google.firebase:firebase-analytics:16.0.1] AndroidManifest.xml:24:5-79
MERGED from [com.google.firebase:firebase-analytics-impl:16.1.1] AndroidManifest.xml:24:5-79
MERGED from [com.google.firebase:firebase-analytics-impl:16.1.1] AndroidManifest.xml:24:5-79
MERGED from [com.google.firebase:firebase-iid:16.0.0] AndroidManifest.xml:22:5-79
MERGED from [com.google.firebase:firebase-iid:16.0.0] AndroidManifest.xml:22:5-79
	android:name
		ADDED from [com.google.firebase:firebase-measurement-connector-impl:16.0.1] AndroidManifest.xml:23:22-76
uses-permission#android.permission.WAKE_LOCK
ADDED from [com.google.firebase:firebase-measurement-connector-impl:16.0.1] AndroidManifest.xml:24:5-68
MERGED from [com.google.firebase:firebase-analytics:16.0.1] AndroidManifest.xml:25:5-68
MERGED from [com.google.firebase:firebase-analytics:16.0.1] AndroidManifest.xml:25:5-68
MERGED from [com.google.firebase:firebase-analytics-impl:16.1.1] AndroidManifest.xml:25:5-68
MERGED from [com.google.firebase:firebase-analytics-impl:16.1.1] AndroidManifest.xml:25:5-68
MERGED from [com.google.firebase:firebase-iid:16.0.0] AndroidManifest.xml:24:5-68
MERGED from [com.google.firebase:firebase-iid:16.0.0] AndroidManifest.xml:24:5-68
	android:name
		ADDED from [com.google.firebase:firebase-measurement-connector-impl:16.0.1] AndroidManifest.xml:24:22-65
service#com.google.firebase.components.ComponentDiscoveryService
ADDED from [com.google.firebase:firebase-measurement-connector-impl:16.0.1] AndroidManifest.xml:27:9-31:19
MERGED from [com.google.firebase:firebase-iid:16.0.0] AndroidManifest.xml:35:9-39:19
MERGED from [com.google.firebase:firebase-iid:16.0.0] AndroidManifest.xml:35:9-39:19
	android:name
		ADDED from [com.google.firebase:firebase-measurement-connector-impl:16.0.1] AndroidManifest.xml:27:18-89
meta-data#com.google.firebase.components:com.google.firebase.analytics.connector.internal.AnalyticsConnectorRegistrar
ADDED from [com.google.firebase:firebase-measurement-connector-impl:16.0.1] AndroidManifest.xml:28:13-30:85
	android:value
		ADDED from [com.google.firebase:firebase-measurement-connector-impl:16.0.1] AndroidManifest.xml:30:17-82
	android:name
		ADDED from [com.google.firebase:firebase-measurement-connector-impl:16.0.1] AndroidManifest.xml:29:17-139
uses-permission#com.google.android.finsky.permission.BIND_GET_INSTALL_REFERRER_SERVICE
ADDED from [com.google.firebase:firebase-analytics:16.0.1] AndroidManifest.xml:26:5-110
MERGED from [com.google.firebase:firebase-analytics-impl:16.1.1] AndroidManifest.xml:26:5-110
MERGED from [com.google.firebase:firebase-analytics-impl:16.1.1] AndroidManifest.xml:26:5-110
	android:name
		ADDED from [com.google.firebase:firebase-analytics:16.0.1] AndroidManifest.xml:26:22-107
receiver#com.google.android.gms.measurement.AppMeasurementReceiver
ADDED from [com.google.firebase:firebase-analytics:16.0.1] AndroidManifest.xml:29:9-33:20
	android:enabled
		ADDED from [com.google.firebase:firebase-analytics:16.0.1] AndroidManifest.xml:31:13-35
	android:exported
		ADDED from [com.google.firebase:firebase-analytics:16.0.1] AndroidManifest.xml:32:13-37
	android:name
		ADDED from [com.google.firebase:firebase-analytics:16.0.1] AndroidManifest.xml:30:13-85
receiver#com.google.android.gms.measurement.AppMeasurementInstallReferrerReceiver
ADDED from [com.google.firebase:firebase-analytics:16.0.1] AndroidManifest.xml:34:9-42:20
MERGED from [com.google.firebase:firebase-analytics-impl:16.1.1] AndroidManifest.xml:29:9-37:20
MERGED from [com.google.firebase:firebase-analytics-impl:16.1.1] AndroidManifest.xml:29:9-37:20
	android:enabled
		ADDED from [com.google.firebase:firebase-analytics:16.0.1] AndroidManifest.xml:36:13-35
	android:exported
		ADDED from [com.google.firebase:firebase-analytics:16.0.1] AndroidManifest.xml:37:13-36
	android:permission
		ADDED from [com.google.firebase:firebase-analytics:16.0.1] AndroidManifest.xml:38:13-69
	android:name
		ADDED from [com.google.firebase:firebase-analytics:16.0.1] AndroidManifest.xml:35:13-100
intent-filter#com.android.vending.INSTALL_REFERRER
ADDED from [com.google.firebase:firebase-analytics:16.0.1] AndroidManifest.xml:39:13-41:29
action#com.android.vending.INSTALL_REFERRER
ADDED from [com.google.firebase:firebase-analytics:16.0.1] AndroidManifest.xml:40:17-79
	android:name
		ADDED from [com.google.firebase:firebase-analytics:16.0.1] AndroidManifest.xml:40:25-76
service#com.google.android.gms.measurement.AppMeasurementService
ADDED from [com.google.firebase:firebase-analytics:16.0.1] AndroidManifest.xml:44:9-47:40
	android:enabled
		ADDED from [com.google.firebase:firebase-analytics:16.0.1] AndroidManifest.xml:46:13-35
	android:exported
		ADDED from [com.google.firebase:firebase-analytics:16.0.1] AndroidManifest.xml:47:13-37
	android:name
		ADDED from [com.google.firebase:firebase-analytics:16.0.1] AndroidManifest.xml:45:13-84
service#com.google.android.gms.measurement.AppMeasurementJobService
ADDED from [com.google.firebase:firebase-analytics:16.0.1] AndroidManifest.xml:48:9-52:72
	android:enabled
		ADDED from [com.google.firebase:firebase-analytics:16.0.1] AndroidManifest.xml:50:13-35
	android:exported
		ADDED from [com.google.firebase:firebase-analytics:16.0.1] AndroidManifest.xml:51:13-37
	android:permission
		ADDED from [com.google.firebase:firebase-analytics:16.0.1] AndroidManifest.xml:52:13-69
	android:name
		ADDED from [com.google.firebase:firebase-analytics:16.0.1] AndroidManifest.xml:49:13-87
uses-permission#com.google.android.c2dm.permission.RECEIVE
ADDED from [com.google.firebase:firebase-iid:16.0.0] AndroidManifest.xml:26:5-82
	android:name
		ADDED from [com.google.firebase:firebase-iid:16.0.0] AndroidManifest.xml:26:22-79
permission#${applicationId}.permission.C2D_MESSAGE
ADDED from [com.google.firebase:firebase-iid:16.0.0] AndroidManifest.xml:28:5-30:47
	android:protectionLevel
		ADDED from [com.google.firebase:firebase-iid:16.0.0] AndroidManifest.xml:30:9-44
	android:name
		ADDED from [com.google.firebase:firebase-iid:16.0.0] AndroidManifest.xml:29:9-63
permission#io.cordova.hellocordova.permission.C2D_MESSAGE
ADDED from [com.google.firebase:firebase-iid:16.0.0] AndroidManifest.xml:28:5-30:47
	android:protectionLevel
		ADDED from [com.google.firebase:firebase-iid:16.0.0] AndroidManifest.xml:30:9-44
	android:name
		ADDED from [com.google.firebase:firebase-iid:16.0.0] AndroidManifest.xml:29:9-63
uses-permission#${applicationId}.permission.C2D_MESSAGE
ADDED from [com.google.firebase:firebase-iid:16.0.0] AndroidManifest.xml:32:5-79
	android:name
		ADDED from [com.google.firebase:firebase-iid:16.0.0] AndroidManifest.xml:32:22-76
uses-permission#io.cordova.hellocordova.permission.C2D_MESSAGE
ADDED from [com.google.firebase:firebase-iid:16.0.0] AndroidManifest.xml:32:5-79
	android:name
		ADDED from [com.google.firebase:firebase-iid:16.0.0] AndroidManifest.xml:32:22-76
meta-data#com.google.firebase.components:com.google.firebase.iid.Registrar
ADDED from [com.google.firebase:firebase-iid:16.0.0] AndroidManifest.xml:36:13-38:85
	android:value
		ADDED from [com.google.firebase:firebase-iid:16.0.0] AndroidManifest.xml:38:17-82
	android:name
		ADDED from [com.google.firebase:firebase-iid:16.0.0] AndroidManifest.xml:37:17-96
receiver#com.google.firebase.iid.FirebaseInstanceIdReceiver
ADDED from [com.google.firebase:firebase-iid:16.0.0] AndroidManifest.xml:41:9-50:20
	android:exported
		ADDED from [com.google.firebase:firebase-iid:16.0.0] AndroidManifest.xml:43:13-36
	android:permission
		ADDED from [com.google.firebase:firebase-iid:16.0.0] AndroidManifest.xml:44:13-73
	android:name
		ADDED from [com.google.firebase:firebase-iid:16.0.0] AndroidManifest.xml:42:13-78
intent-filter#${applicationId}+com.google.android.c2dm.intent.RECEIVE
ADDED from [com.google.firebase:firebase-iid:16.0.0] AndroidManifest.xml:45:13-49:29
intent-filter#com.google.android.c2dm.intent.RECEIVE+io.cordova.hellocordova
ADDED from [com.google.firebase:firebase-iid:16.0.0] AndroidManifest.xml:45:13-49:29
action#com.google.android.c2dm.intent.RECEIVE
ADDED from [com.google.firebase:firebase-iid:16.0.0] AndroidManifest.xml:46:17-81
	android:name
		ADDED from [com.google.firebase:firebase-iid:16.0.0] AndroidManifest.xml:46:25-78
category#${applicationId}
ADDED from [com.google.firebase:firebase-iid:16.0.0] AndroidManifest.xml:48:17-61
	android:name
		ADDED from [com.google.firebase:firebase-iid:16.0.0] AndroidManifest.xml:48:27-58
category#io.cordova.hellocordova
ADDED from [com.google.firebase:firebase-iid:16.0.0] AndroidManifest.xml:48:17-61
	android:name
		ADDED from [com.google.firebase:firebase-iid:16.0.0] AndroidManifest.xml:48:27-58
service#com.google.firebase.iid.FirebaseInstanceIdService
ADDED from [com.google.firebase:firebase-iid:16.0.0] AndroidManifest.xml:56:9-62:19
	android:exported
		ADDED from [com.google.firebase:firebase-iid:16.0.0] AndroidManifest.xml:58:13-36
	android:name
		ADDED from [com.google.firebase:firebase-iid:16.0.0] AndroidManifest.xml:57:13-77
intent-filter#com.google.firebase.INSTANCE_ID_EVENT
ADDED from [com.google.firebase:firebase-iid:16.0.0] AndroidManifest.xml:59:13-61:29
	android:priority
		ADDED from [com.google.firebase:firebase-iid:16.0.0] AndroidManifest.xml:59:28-51
action#com.google.firebase.INSTANCE_ID_EVENT
ADDED from [com.google.firebase:firebase-iid:16.0.0] AndroidManifest.xml:60:17-80
	android:name
		ADDED from [com.google.firebase:firebase-iid:16.0.0] AndroidManifest.xml:60:25-77
provider#com.google.firebase.provider.FirebaseInitProvider
ADDED from [com.google.firebase:firebase-common:16.0.0] AndroidManifest.xml:9:9-13:39
	android:authorities
		ADDED from [com.google.firebase:firebase-common:16.0.0] AndroidManifest.xml:11:13-72
	android:exported
		ADDED from [com.google.firebase:firebase-common:16.0.0] AndroidManifest.xml:12:13-37
	android:initOrder
		ADDED from [com.google.firebase:firebase-common:16.0.0] AndroidManifest.xml:13:13-36
	android:name
		ADDED from [com.google.firebase:firebase-common:16.0.0] AndroidManifest.xml:10:13-77
activity#com.google.android.gms.common.api.GoogleApiActivity